# JRE version: OpenJDK Runtime Environment (11.0.2+9) (build 11.0.2+9)
# Java VM: OpenJDK 64-Bit Server VM (11.0.2+9, mixed mode, tiered, compressed oops, g1 gc, windows-amd64)
Heap:
 garbage-first heap   total 402432K, used 195584K [0x0000000080000000, 0x0000000100000000)
  region size 1024K, 4 young (4096K), 4 survivors (4096K)
 Metaspace       used 162956K, capacity 168393K, committed 168704K, reserved 663552K
  class space    used 20367K, capacity 22469K, committed 22528K, reserved 516096K
GC Heap History (10 events):
Event: 2273.963 GC heap after
{Heap after GC invocations=89 (full 0):
 garbage-first heap   total 270336K, used 224486K [0x0000000080000000, 0x0000000100000000)
  region size 1024K, 3 young (3072K), 3 survivors (3072K)
 Metaspace       used 162068K, capacity 167455K, committed 167552K, reserved 661504K
  class space    used 20317K, capacity 22387K, committed 22400K, reserved 516096K
}
Event: 2274.661 GC heap before
{Heap before GC invocations=89 (full 0):
 garbage-first heap   total 270336K, used 220390K [0x0000000080000000, 0x0000000100000000)
  region size 1024K, 14 young (14336K), 3 survivors (3072K)
 Metaspace       used 162507K, capacity 167940K, committed 168192K, reserved 663552K
  class space    used 20361K, capacity 22463K, committed 22528K, reserved 516096K
}
Event: 2274.674 GC heap after
{Heap after GC invocations=90 (full 0):
 garbage-first heap   total 270336K, used 211909K [0x0000000080000000, 0x0000000100000000)
  region size 1024K, 2 young (2048K), 2 survivors (2048K)
 Metaspace       used 162507K, capacity 167940K, committed 168192K, reserved 663552K
  class space    used 20361K, capacity 22463K, committed 22528K, reserved 516096K
}
Event: 2274.845 GC heap before
{Heap before GC invocations=91 (full 0):
 garbage-first heap   total 270336K, used 229317K [0x0000000080000000, 0x0000000100000000)
  region size 1024K, 20 young (20480K), 2 survivors (2048K)
 Metaspace       used 162617K, capacity 168036K, committed 168192K, reserved 663552K
  class space    used 20366K, capacity 22469K, committed 22528K, reserved 516096K
}
Event: 2274.859 GC heap after
{Heap after GC invocations=92 (full 0):
 garbage-first heap   total 270336K, used 216619K [0x0000000080000000, 0x0000000100000000)
  region size 1024K, 3 young (3072K), 3 survivors (3072K)
 Metaspace       used 162617K, capacity 168036K, committed 168192K, reserved 663552K
  class space    used 20366K, capacity 22469K, committed 22528K, reserved 516096K
}
Event: 2274.948 GC heap before
{Heap before GC invocations=92 (full 0):
 garbage-first heap   total 270336K, used 225835K [0x0000000080000000, 0x0000000100000000)
  region size 1024K, 13 young (13312K), 3 survivors (3072K)
 Metaspace       used 162664K, capacity 168106K, committed 168192K, reserved 663552K
  class space    used 20366K, capacity 22469K, committed 22528K, reserved 516096K
}
Event: 2274.977 GC heap after
{Heap after GC invocations=93 (full 0):
 garbage-first heap   total 270336K, used 198279K [0x0000000080000000, 0x0000000100000000)
  region size 1024K, 2 young (2048K), 2 survivors (2048K)
 Metaspace       used 162664K, capacity 168106K, committed 168192K, reserved 663552K
  class space    used 20366K, capacity 22469K, committed 22528K, reserved 516096K
}
Event: 2275.056 GC heap before
{Heap before GC invocations=93 (full 0):
 garbage-first heap   total 270336K, used 209543K [0x0000000080000000, 0x0000000100000000)
  region size 1024K, 13 young (13312K), 2 survivors (2048K)
 Metaspace       used 162711K, capacity 168173K, committed 168448K, reserved 663552K
  class space    used 20366K, capacity 22469K, committed 22528K, reserved 516096K
}
Event: 2275.118 GC heap after
{Heap after GC invocations=94 (full 0):
 garbage-first heap   total 270336K, used 189201K [0x0000000080000000, 0x0000000100000000)
  region size 1024K, 2 young (2048K), 2 survivors (2048K)
 Metaspace       used 162711K, capacity 168173K, committed 168448K, reserved 663552K
  class space    used 20366K, capacity 22469K, committed 22528K, reserved 516096K
}
Event: 2275.586 GC heap before
{Heap before GC invocations=94 (full 0):
 garbage-first heap   total 270336K, used 216849K [0x0000000080000000, 0x0000000100000000)
  region size 1024K, 29 young (29696K), 2 survivors (2048K)
 Metaspace       used 162956K, capacity 168393K, committed 168704K, reserved 663552K
  class space    used 20367K, capacity 22469K, committed 22528K, reserved 516096K
}

