# JRE version: OpenJDK Runtime Environment (11.0.2+9) (build 11.0.2+9)
# Java VM: OpenJDK 64-Bit Server VM (11.0.2+9, mixed mode, tiered, compressed oops, g1 gc, windows-amd64)
Heap:
 garbage-first heap   total 300032K, used 148765K [0x0000000080000000, 0x0000000100000000)
  region size 1024K, 5 young (5120K), 5 survivors (5120K)
 Metaspace       used 115614K, capacity 119260K, committed 119500K, reserved 620544K
  class space    used 14862K, capacity 16258K, committed 16332K, reserved 516096K
GC Heap History (10 events):
Event: 46.672 GC heap after
{Heap after GC invocations=51 (full 0):
 garbage-first heap   total 187392K, used 133969K [0x0000000080000000, 0x0000000100000000)
  region size 1024K, 2 young (2048K), 2 survivors (2048K)
 Metaspace       used 113408K, capacity 116875K, committed 116940K, reserved 618496K
  class space    used 14673K, capacity 16027K, committed 16076K, reserved 516096K
}
Event: 47.172 GC heap before
{Heap before GC invocations=51 (full 0):
 garbage-first heap   total 187392K, used 154449K [0x0000000080000000, 0x0000000100000000)
  region size 1024K, 23 young (23552K), 2 survivors (2048K)
 Metaspace       used 113472K, capacity 117006K, committed 117196K, reserved 618496K
  class space    used 14673K, capacity 16027K, committed 16076K, reserved 516096K
}
Event: 47.180 GC heap after
{Heap after GC invocations=52 (full 0):
 garbage-first heap   total 237568K, used 135008K [0x0000000080000000, 0x0000000100000000)
  region size 1024K, 3 young (3072K), 3 survivors (3072K)
 Metaspace       used 113472K, capacity 117006K, committed 117196K, reserved 618496K
  class space    used 14673K, capacity 16027K, committed 16076K, reserved 516096K
}
Event: 48.071 GC heap before
{Heap before GC invocations=53 (full 0):
 garbage-first heap   total 237568K, used 171872K [0x0000000080000000, 0x0000000100000000)
  region size 1024K, 40 young (40960K), 3 survivors (3072K)
 Metaspace       used 113862K, capacity 117387K, committed 117452K, reserved 618496K
  class space    used 14690K, capacity 16047K, committed 16076K, reserved 516096K
}
Event: 48.086 GC heap after
{Heap after GC invocations=54 (full 0):
 garbage-first heap   total 237568K, used 137788K [0x0000000080000000, 0x0000000100000000)
  region size 1024K, 5 young (5120K), 5 survivors (5120K)
 Metaspace       used 113862K, capacity 117387K, committed 117452K, reserved 618496K
  class space    used 14690K, capacity 16047K, committed 16076K, reserved 516096K
}
Event: 48.778 GC heap before
{Heap before GC invocations=54 (full 0):
 garbage-first heap   total 237568K, used 175676K [0x0000000080000000, 0x0000000100000000)
  region size 1024K, 43 young (44032K), 5 survivors (5120K)
 Metaspace       used 114136K, capacity 117743K, committed 117964K, reserved 618496K
  class space    used 14704K, capacity 16059K, committed 16076K, reserved 516096K
}
Event: 48.799 GC heap after
{Heap after GC invocations=55 (full 0):
 garbage-first heap   total 237568K, used 140588K [0x0000000080000000, 0x0000000100000000)
  region size 1024K, 6 young (6144K), 6 survivors (6144K)
 Metaspace       used 114136K, capacity 117743K, committed 117964K, reserved 618496K
  class space    used 14704K, capacity 16059K, committed 16076K, reserved 516096K
}
Event: 49.746 GC heap before
{Heap before GC invocations=56 (full 0):
 garbage-first heap   total 237568K, used 179500K [0x0000000080000000, 0x0000000100000000)
  region size 1024K, 45 young (46080K), 6 survivors (6144K)
 Metaspace       used 114908K, capacity 118481K, committed 118604K, reserved 618496K
  class space    used 14787K, capacity 16152K, committed 16204K, reserved 516096K
}
Event: 49.762 GC heap after
{Heap after GC invocations=57 (full 0):
 garbage-first heap   total 237568K, used 144384K [0x0000000080000000, 0x0000000100000000)
  region size 1024K, 6 young (6144K), 6 survivors (6144K)
 Metaspace       used 114908K, capacity 118481K, committed 118604K, reserved 618496K
  class space    used 14787K, capacity 16152K, committed 16204K, reserved 516096K
}
Event: 50.369 GC heap before
{Heap before GC invocations=57 (full 0):
 garbage-first heap   total 237568K, used 185344K [0x0000000080000000, 0x0000000100000000)
  region size 1024K, 46 young (47104K), 6 survivors (6144K)
 Metaspace       used 115614K, capacity 119260K, committed 119500K, reserved 620544K
  class space    used 14862K, capacity 16258K, committed 16332K, reserved 516096K
}

