# JRE version: OpenJDK Runtime Environment (11.0.2+9) (build 11.0.2+9)
# Java VM: OpenJDK 64-Bit Server VM (11.0.2+9, mixed mode, tiered, compressed oops, g1 gc, windows-amd64)
Heap:
 garbage-first heap   total 155648K, used 48571K [0x0000000080000000, 0x0000000100000000)
  region size 1024K, 26 young (26624K), 9 survivors (9216K)
 Metaspace       used 45482K, capacity 46611K, committed 46720K, reserved 557056K
  class space    used 5803K, capacity 6255K, committed 6272K, reserved 516096K
GC Heap History (10 events):
Event: 11.921 GC heap before
{Heap before GC invocations=6 (full 0):
 garbage-first heap   total 129024K, used 64351K [0x0000000080000000, 0x0000000100000000)
  region size 1024K, 52 young (53248K), 5 survivors (5120K)
 Metaspace       used 25448K, capacity 25970K, committed 25984K, reserved 538624K
  class space    used 3254K, capacity 3455K, committed 3456K, reserved 516096K
}
Event: 11.934 GC heap after
{Heap after GC invocations=7 (full 0):
 garbage-first heap   total 129024K, used 19457K [0x0000000080000000, 0x0000000100000000)
  region size 1024K, 3 young (3072K), 3 survivors (3072K)
 Metaspace       used 25448K, capacity 25970K, committed 25984K, reserved 538624K
  class space    used 3254K, capacity 3455K, committed 3456K, reserved 516096K
}
Event: 13.079 GC heap before
{Heap before GC invocations=7 (full 0):
 garbage-first heap   total 129024K, used 72705K [0x0000000080000000, 0x0000000100000000)
  region size 1024K, 55 young (56320K), 3 survivors (3072K)
 Metaspace       used 30658K, capacity 31339K, committed 31488K, reserved 544768K
  class space    used 4062K, capacity 4315K, committed 4352K, reserved 516096K
}
Event: 13.090 GC heap after
{Heap after GC invocations=8 (full 0):
 garbage-first heap   total 129024K, used 20831K [0x0000000080000000, 0x0000000100000000)
  region size 1024K, 5 young (5120K), 5 survivors (5120K)
 Metaspace       used 30658K, capacity 31339K, committed 31488K, reserved 544768K
  class space    used 4062K, capacity 4315K, committed 4352K, reserved 516096K
}
Event: 13.733 GC heap before
{Heap before GC invocations=8 (full 0):
 garbage-first heap   total 129024K, used 34143K [0x0000000080000000, 0x0000000100000000)
  region size 1024K, 19 young (19456K), 5 survivors (5120K)
 Metaspace       used 34970K, capacity 35759K, committed 35840K, reserved 548864K
  class space    used 4491K, capacity 4809K, committed 4864K, reserved 516096K
}
Event: 13.750 GC heap after
{Heap after GC invocations=9 (full 0):
 garbage-first heap   total 129024K, used 23159K [0x0000000080000000, 0x0000000100000000)
  region size 1024K, 6 young (6144K), 6 survivors (6144K)
 Metaspace       used 34970K, capacity 35759K, committed 35840K, reserved 548864K
  class space    used 4491K, capacity 4809K, committed 4864K, reserved 516096K
}
Event: 15.380 GC heap before
{Heap before GC invocations=10 (full 0):
 garbage-first heap   total 129024K, used 83575K [0x0000000080000000, 0x0000000100000000)
  region size 1024K, 63 young (64512K), 6 survivors (6144K)
 Metaspace       used 39705K, capacity 40610K, committed 40704K, reserved 552960K
  class space    used 5006K, capacity 5354K, committed 5376K, reserved 516096K
}
Event: 15.402 GC heap after
{Heap after GC invocations=11 (full 0):
 garbage-first heap   total 129024K, used 28357K [0x0000000080000000, 0x0000000100000000)
  region size 1024K, 8 young (8192K), 8 survivors (8192K)
 Metaspace       used 39705K, capacity 40610K, committed 40704K, reserved 552960K
  class space    used 5006K, capacity 5354K, committed 5376K, reserved 516096K
}
Event: 27.139 GC heap before
{Heap before GC invocations=11 (full 0):
 garbage-first heap   total 129024K, used 88773K [0x0000000080000000, 0x0000000100000000)
  region size 1024K, 67 young (68608K), 8 survivors (8192K)
 Metaspace       used 44283K, capacity 45475K, committed 45568K, reserved 557056K
  class space    used 5609K, capacity 6068K, committed 6144K, reserved 516096K
}
Event: 27.166 GC heap after
{Heap after GC invocations=12 (full 0):
 garbage-first heap   total 155648K, used 32187K [0x0000000080000000, 0x0000000100000000)
  region size 1024K, 9 young (9216K), 9 survivors (9216K)
 Metaspace       used 44283K, capacity 45475K, committed 45568K, reserved 557056K
  class space    used 5609K, capacity 6068K, committed 6144K, reserved 516096K
}

